<?xml version="1.0" encoding="UTF-8"?>
<testng-results ignored="0" total="1" passed="1" failed="0" skipped="0">
  <reporter-output>
  </reporter-output>
  <suite started-at="2025-11-05T00:30:01 IST" name="Surefire suite" finished-at="2025-11-05T00:30:07 IST" duration-ms="6271">
    <groups>
    </groups>
    <test started-at="2025-11-05T00:30:01 IST" name="Surefire test" finished-at="2025-11-05T00:30:07 IST" duration-ms="6271">
      <class name="tests.LoginTest">
        <test-method is-config="true" signature="setup()[pri:0, instance:tests.LoginTest@7c0c77c7]" started-at="2025-11-05T00:30:01 IST" name="setup" finished-at="2025-11-05T00:30:04 IST" duration-ms="2753" status="PASS">
          <reporter-output>
          </reporter-output>
        </test-method> <!-- setup -->
        <test-method signature="testValidLogin()[pri:0, instance:tests.LoginTest@7c0c77c7]" started-at="2025-11-05T00:30:04 IST" name="testValidLogin" finished-at="2025-11-05T00:30:07 IST" duration-ms="3473" status="PASS">
          <reporter-output>
          </reporter-output>
        </test-method> <!-- testValidLogin -->
        <test-method is-config="true" signature="tearDown()[pri:0, instance:tests.LoginTest@7c0c77c7]" started-at="2025-11-05T00:30:07 IST" name="tearDown" finished-at="2025-11-05T00:30:07 IST" duration-ms="1" status="PASS">
          <reporter-output>
          </reporter-output>
        </test-method> <!-- tearDown -->
      </class> <!-- tests.LoginTest -->
    </test> <!-- Surefire test -->
  </suite> <!-- Surefire suite -->
</testng-results>
